<?xml version="1.0" encoding="UTF-8"?>
<testng-results ignored="0" total="5" passed="4" failed="1" skipped="0">
  <reporter-output>
  </reporter-output>
  <suite started-at="2021-12-20T03:35:47Z" name="Default suite" finished-at="2021-12-20T03:39:27Z" duration-ms="219443">
    <groups>
    </groups>
    <test started-at="2021-12-20T03:35:47Z" name="Default test" finished-at="2021-12-20T03:39:27Z" duration-ms="219443">
      <class name="automationtask.tugas.VoucherEvermossTest">
        <test-method is-config="true" signature="createChromeDriver()[pri:0, instance:automationtask.tugas.VoucherEvermossTest@176b75f7]" started-at="2021-12-20T03:35:47Z" name="createChromeDriver" finished-at="2021-12-20T03:36:14Z" duration-ms="27089" status="PASS">
          <reporter-output>
          </reporter-output>
        </test-method> <!-- createChromeDriver -->
        <test-method signature="allVoucher()[pri:0, instance:automationtask.tugas.VoucherEvermossTest@176b75f7]" started-at="2021-12-20T03:36:14Z" name="allVoucher" description="semua voucher kategori" finished-at="2021-12-20T03:36:24Z" duration-ms="9578" status="PASS">
          <reporter-output>
          </reporter-output>
        </test-method> <!-- allVoucher -->
        <test-method is-config="true" signature="quitChromeDriver()[pri:0, instance:automationtask.tugas.VoucherEvermossTest@176b75f7]" started-at="2021-12-20T03:36:24Z" name="quitChromeDriver" finished-at="2021-12-20T03:36:24Z" duration-ms="668" status="PASS">
          <reporter-output>
          </reporter-output>
        </test-method> <!-- quitChromeDriver -->
        <test-method is-config="true" signature="createChromeDriver()[pri:0, instance:automationtask.tugas.VoucherEvermossTest@176b75f7]" started-at="2021-12-20T03:36:24Z" name="createChromeDriver" finished-at="2021-12-20T03:36:32Z" duration-ms="7066" status="PASS">
          <reporter-output>
          </reporter-output>
        </test-method> <!-- createChromeDriver -->
        <test-method signature="belanjaAndOngkirVoucher()[pri:0, instance:automationtask.tugas.VoucherEvermossTest@176b75f7]" started-at="2021-12-20T03:36:32Z" name="belanjaAndOngkirVoucher" description="hanya voucher kategori potongan ongkir" finished-at="2021-12-20T03:37:08Z" duration-ms="36790" status="PASS">
          <reporter-output>
          </reporter-output>
        </test-method> <!-- belanjaAndOngkirVoucher -->
        <test-method is-config="true" signature="quitChromeDriver()[pri:0, instance:automationtask.tugas.VoucherEvermossTest@176b75f7]" started-at="2021-12-20T03:37:08Z" name="quitChromeDriver" finished-at="2021-12-20T03:37:09Z" duration-ms="677" status="PASS">
          <reporter-output>
          </reporter-output>
        </test-method> <!-- quitChromeDriver -->
        <test-method is-config="true" signature="createChromeDriver()[pri:0, instance:automationtask.tugas.VoucherEvermossTest@176b75f7]" started-at="2021-12-20T03:37:09Z" name="createChromeDriver" finished-at="2021-12-20T03:37:16Z" duration-ms="6605" status="PASS">
          <reporter-output>
          </reporter-output>
        </test-method> <!-- createChromeDriver -->
        <test-method signature="belanjaVoucher()[pri:0, instance:automationtask.tugas.VoucherEvermossTest@176b75f7]" started-at="2021-12-20T03:37:16Z" name="belanjaVoucher" description="hanya voucher kategori potongan belanja" finished-at="2021-12-20T03:37:43Z" duration-ms="26888" status="PASS">
          <reporter-output>
          </reporter-output>
        </test-method> <!-- belanjaVoucher -->
        <test-method is-config="true" signature="quitChromeDriver()[pri:0, instance:automationtask.tugas.VoucherEvermossTest@176b75f7]" started-at="2021-12-20T03:37:43Z" name="quitChromeDriver" finished-at="2021-12-20T03:37:43Z" duration-ms="682" status="PASS">
          <reporter-output>
          </reporter-output>
        </test-method> <!-- quitChromeDriver -->
        <test-method is-config="true" signature="createChromeDriver()[pri:0, instance:automationtask.tugas.VoucherEvermossTest@176b75f7]" started-at="2021-12-20T03:37:43Z" name="createChromeDriver" finished-at="2021-12-20T03:38:14Z" duration-ms="30421" status="PASS">
          <reporter-output>
          </reporter-output>
        </test-method> <!-- createChromeDriver -->
        <test-method signature="cashbackVoucher()[pri:0, instance:automationtask.tugas.VoucherEvermossTest@176b75f7]" started-at="2021-12-20T03:38:14Z" name="cashbackVoucher" description="hanya voucher kategori cashback" finished-at="2021-12-20T03:38:55Z" duration-ms="41078" status="PASS">
          <reporter-output>
          </reporter-output>
        </test-method> <!-- cashbackVoucher -->
        <test-method is-config="true" signature="quitChromeDriver()[pri:0, instance:automationtask.tugas.VoucherEvermossTest@176b75f7]" started-at="2021-12-20T03:38:55Z" name="quitChromeDriver" finished-at="2021-12-20T03:38:55Z" duration-ms="667" status="PASS">
          <reporter-output>
          </reporter-output>
        </test-method> <!-- quitChromeDriver -->
        <test-method is-config="true" signature="createChromeDriver()[pri:0, instance:automationtask.tugas.VoucherEvermossTest@176b75f7]" started-at="2021-12-20T03:38:55Z" name="createChromeDriver" finished-at="2021-12-20T03:39:03Z" duration-ms="7434" status="PASS">
          <reporter-output>
          </reporter-output>
        </test-method> <!-- createChromeDriver -->
        <test-method signature="ongkirVoucher()[pri:0, instance:automationtask.tugas.VoucherEvermossTest@176b75f7]" started-at="2021-12-20T03:39:03Z" name="ongkirVoucher" description="hanya voucher kategori potongan ongkir" finished-at="2021-12-20T03:39:26Z" duration-ms="23106" status="FAIL">
          <exception class="java.lang.AssertionError">
            <message>
              <![CDATA[expected [true] but found [false]]]>
            </message>
            <full-stacktrace>
              <![CDATA[java.lang.AssertionError: expected [true] but found [false]
at org.testng.Assert.fail(Assert.java:96)
at org.testng.Assert.failNotEquals(Assert.java:776)
at org.testng.Assert.assertEqualsImpl(Assert.java:137)
at org.testng.Assert.assertEquals(Assert.java:118)
at org.testng.Assert.assertEquals(Assert.java:568)
at org.testng.Assert.assertEquals(Assert.java:578)
at automationtask.tugas.VoucherEvermossTest.ongkirVoucher(VoucherEvermossTest.java:109)
at java.base/jdk.internal.reflect.NativeMethodAccessorImpl.invoke0(Native Method)
at java.base/jdk.internal.reflect.NativeMethodAccessorImpl.invoke(NativeMethodAccessorImpl.java:62)
at java.base/jdk.internal.reflect.DelegatingMethodAccessorImpl.invoke(DelegatingMethodAccessorImpl.java:43)
at java.base/java.lang.reflect.Method.invoke(Method.java:566)
at org.testng.internal.MethodInvocationHelper.invokeMethod(MethodInvocationHelper.java:124)
at org.testng.internal.Invoker.invokeMethod(Invoker.java:583)
at org.testng.internal.Invoker.invokeTestMethod(Invoker.java:719)
at org.testng.internal.Invoker.invokeTestMethods(Invoker.java:989)
at org.testng.internal.TestMethodWorker.invokeTestMethods(TestMethodWorker.java:125)
at org.testng.internal.TestMethodWorker.run(TestMethodWorker.java:109)
at org.testng.TestRunner.privateRun(TestRunner.java:648)
at org.testng.TestRunner.run(TestRunner.java:505)
at org.testng.SuiteRunner.runTest(SuiteRunner.java:455)
at org.testng.SuiteRunner.runSequentially(SuiteRunner.java:450)
at org.testng.SuiteRunner.privateRun(SuiteRunner.java:415)
at org.testng.SuiteRunner.run(SuiteRunner.java:364)
at org.testng.SuiteRunnerWorker.runSuite(SuiteRunnerWorker.java:52)
at org.testng.SuiteRunnerWorker.run(SuiteRunnerWorker.java:84)
at org.testng.TestNG.runSuitesSequentially(TestNG.java:1208)
at org.testng.TestNG.runSuitesLocally(TestNG.java:1137)
at org.testng.TestNG.runSuites(TestNG.java:1049)
at org.testng.TestNG.run(TestNG.java:1017)
at org.testng.remote.AbstractRemoteTestNG.run(AbstractRemoteTestNG.java:115)
at org.testng.remote.RemoteTestNG.initAndRun(RemoteTestNG.java:251)
at org.testng.remote.RemoteTestNG.main(RemoteTestNG.java:77)
]]>
            </full-stacktrace>
          </exception> <!-- java.lang.AssertionError -->
          <reporter-output>
          </reporter-output>
        </test-method> <!-- ongkirVoucher -->
        <test-method is-config="true" signature="quitChromeDriver()[pri:0, instance:automationtask.tugas.VoucherEvermossTest@176b75f7]" started-at="2021-12-20T03:39:26Z" name="quitChromeDriver" finished-at="2021-12-20T03:39:27Z" duration-ms="669" status="PASS">
          <reporter-output>
          </reporter-output>
        </test-method> <!-- quitChromeDriver -->
      </class> <!-- automationtask.tugas.VoucherEvermossTest -->
    </test> <!-- Default test -->
  </suite> <!-- Default suite -->
</testng-results>
